[2016-09-22 10:34:46] START
[2016-10-17 17:46:15] EDIT Storefront/views/default/user.html: 6
[2016-10-17 17:47:09] EDIT Storefront/views/default/user.html: 0
[2016-10-17 17:47:34] EDIT Storefront/views/default/user.html: 0
[2016-10-17 17:48:32] EDIT Storefront/views/default/user.html: -2
[2016-10-17 17:48:52] EDIT Storefront/views/default/user.html: 1
[2016-10-17 17:50:29] EDIT Storefront/views/layout.html: 0
[2016-10-17 22:37:19] EDIT Storefront/views/layout.html: 0
[2016-10-17 22:42:40] EDIT Storefront/views/default/index.html: 3
[2016-10-17 22:42:42] EDIT Storefront/controllers/default.py: 8
[2016-10-17 22:42:44] EDIT Storefront/views/layout.html: 0
[2016-10-17 22:43:41] EDIT Storefront/views/default/index.html: 0
[2016-10-17 22:43:55] EDIT Storefront/views/default/index.html: 0
[2016-10-17 22:44:17] EDIT Storefront/views/default/index.html: 0
[2016-10-17 22:45:04] EDIT Storefront/views/default/index.html: 0
[2016-10-17 22:45:39] EDIT Storefront/views/default/index.html: 0
[2016-10-17 22:46:01] EDIT Storefront/controllers/default.py: 0
[2016-10-17 22:46:29] EDIT Storefront/views/default/index.html: 0
[2016-10-18 21:34:01] EDIT Storefront/models/db.py: -1
[2016-10-18 21:41:21] EDIT Storefront/models/db.py: 1
[2016-10-18 21:42:25] EDIT Storefront/models/db.py: 0
[2016-10-18 21:43:25] EDIT Storefront/models/db.py: 0
[2016-10-20 19:02:34] EDIT Storefront/views/default/index.html: 0
[2016-10-20 19:10:36] EDIT Storefront/views/default/index.html: 6
[2016-10-20 19:12:44] EDIT Storefront/views/default/index.html: 0
[2016-10-20 19:13:10] EDIT Storefront/views/default/index.html: 0
[2016-10-20 19:19:18] EDIT Storefront/views/default/index.html: 0
[2016-10-20 19:19:29] EDIT Storefront/views/default/index.html: 1
[2016-10-20 19:21:24] EDIT Storefront/views/default/index.html: 3
[2016-10-20 19:22:11] EDIT Storefront/views/default/index.html: 0
[2016-10-20 19:22:23] EDIT Storefront/views/default/index.html: 0
[2016-10-20 19:22:50] EDIT Storefront/views/default/index.html: 0
[2016-10-20 19:23:01] EDIT Storefront/views/default/index.html: 0
[2016-10-20 19:24:49] EDIT Storefront/views/default/index.html: 2
[2016-10-20 19:25:05] EDIT Storefront/views/default/index.html: 2
[2016-10-20 19:26:03] EDIT Storefront/views/default/index.html: -2
[2016-10-20 19:26:28] EDIT Storefront/views/default/index.html: 0
[2016-10-20 19:26:56] EDIT Storefront/views/default/index.html: 0
[2016-10-20 19:27:12] EDIT Storefront/views/default/index.html: 0
[2016-10-20 19:28:09] EDIT Storefront/views/default/index.html: 0
[2016-10-20 19:28:53] EDIT Storefront/views/default/index.html: 0
[2016-10-20 19:29:21] EDIT Storefront/views/default/index.html: 0
[2016-10-20 19:29:49] EDIT Storefront/views/default/index.html: -1
[2016-10-20 19:30:36] EDIT Storefront/views/default/index.html: 5
[2016-10-20 19:31:35] EDIT Storefront/views/default/index.html: 0
[2016-10-20 19:35:05] EDIT Storefront/views/default/index.html: 0
[2016-10-20 19:36:35] EDIT Storefront/views/default/index.html: 0
[2016-10-20 19:36:59] EDIT Storefront/views/default/index.html: 0
[2016-10-20 19:37:09] EDIT Storefront/views/default/index.html: 0
[2016-10-20 19:37:47] EDIT Storefront/views/default/index.html: 0
[2016-10-20 19:38:21] EDIT Storefront/views/default/index.html: 0
